<<<<<<< HEAD
2025-10-17T09:45:05.444+09:00  INFO 2252 --- [ex-ch03] [restartedMain] com.example.demo.Application             : Starting Application using Java 21.0.8 with PID 2252 (D:\s09_SpringBoot\ex-ch03\build\classes\java\main started by YONSAI in D:\s09_SpringBoot\ex-ch03)
2025-10-17T09:45:05.447+09:00  INFO 2252 --- [ex-ch03] [restartedMain] com.example.demo.Application             : No active profile set, falling back to 1 default profile: "default"
2025-10-17T09:45:05.478+09:00  INFO 2252 --- [ex-ch03] [restartedMain] .e.DevToolsPropertyDefaultsPostProcessor : Devtools property defaults active! Set 'spring.devtools.add-properties' to 'false' to disable
2025-10-17T09:45:05.478+09:00  INFO 2252 --- [ex-ch03] [restartedMain] .e.DevToolsPropertyDefaultsPostProcessor : For additional web related logging consider setting the 'logging.level.web' property to 'DEBUG'
2025-10-17T09:45:06.067+09:00  INFO 2252 --- [ex-ch03] [restartedMain] o.s.b.w.embedded.tomcat.TomcatWebServer  : Tomcat initialized with port 8090 (http)
2025-10-17T09:45:06.078+09:00  INFO 2252 --- [ex-ch03] [restartedMain] o.apache.catalina.core.StandardService   : Starting service [Tomcat]
2025-10-17T09:45:06.078+09:00  INFO 2252 --- [ex-ch03] [restartedMain] o.apache.catalina.core.StandardEngine    : Starting Servlet engine: [Apache Tomcat/10.1.46]
2025-10-17T09:45:06.105+09:00  INFO 2252 --- [ex-ch03] [restartedMain] o.a.c.c.C.[Tomcat].[localhost].[/]       : Initializing Spring embedded WebApplicationContext
2025-10-17T09:45:06.105+09:00  INFO 2252 --- [ex-ch03] [restartedMain] w.s.c.ServletWebServerApplicationContext : Root WebApplicationContext: initialization completed in 626 ms
2025-10-17T09:45:06.333+09:00  INFO 2252 --- [ex-ch03] [restartedMain] o.s.b.d.a.OptionalLiveReloadServer       : LiveReload server is running on port 35729
2025-10-17T09:45:06.352+09:00  INFO 2252 --- [ex-ch03] [restartedMain] o.s.b.w.embedded.tomcat.TomcatWebServer  : Tomcat started on port 8090 (http) with context path '/'
2025-10-17T09:45:06.357+09:00  INFO 2252 --- [ex-ch03] [restartedMain] com.example.demo.Application             : Started Application in 1.246 seconds (process running for 1.703)
2025-10-17T09:45:34.544+09:00  INFO 2252 --- [ex-ch03] [SpringApplicationShutdownHook] o.s.b.w.e.tomcat.GracefulShutdown        : Commencing graceful shutdown. Waiting for active requests to complete
2025-10-17T09:45:34.547+09:00  INFO 2252 --- [ex-ch03] [tomcat-shutdown] o.s.b.w.e.tomcat.GracefulShutdown        : Graceful shutdown complete
2025-10-17T17:13:56.012+09:00  INFO 11364 --- [ex-ch03] [restartedMain] com.example.demo.Application             : Starting Application using Java 21.0.8 with PID 11364 (D:\s09_SpringBoot\ex-ch03\build\classes\java\main started by YONSAI in D:\s09_SpringBoot\ex-ch03)
2025-10-17T17:13:56.014+09:00  INFO 11364 --- [ex-ch03] [restartedMain] com.example.demo.Application             : No active profile set, falling back to 1 default profile: "default"
2025-10-17T17:13:56.038+09:00  INFO 11364 --- [ex-ch03] [restartedMain] .e.DevToolsPropertyDefaultsPostProcessor : Devtools property defaults active! Set 'spring.devtools.add-properties' to 'false' to disable
2025-10-17T17:13:56.038+09:00  INFO 11364 --- [ex-ch03] [restartedMain] .e.DevToolsPropertyDefaultsPostProcessor : For additional web related logging consider setting the 'logging.level.web' property to 'DEBUG'
2025-10-17T17:13:56.554+09:00  INFO 11364 --- [ex-ch03] [restartedMain] o.s.b.w.embedded.tomcat.TomcatWebServer  : Tomcat initialized with port 8090 (http)
2025-10-17T17:13:56.562+09:00  INFO 11364 --- [ex-ch03] [restartedMain] o.apache.catalina.core.StandardService   : Starting service [Tomcat]
2025-10-17T17:13:56.562+09:00  INFO 11364 --- [ex-ch03] [restartedMain] o.apache.catalina.core.StandardEngine    : Starting Servlet engine: [Apache Tomcat/10.1.46]
2025-10-17T17:13:56.586+09:00  INFO 11364 --- [ex-ch03] [restartedMain] o.a.c.c.C.[Tomcat].[localhost].[/]       : Initializing Spring embedded WebApplicationContext
2025-10-17T17:13:56.586+09:00  INFO 11364 --- [ex-ch03] [restartedMain] w.s.c.ServletWebServerApplicationContext : Root WebApplicationContext: initialization completed in 548 ms
2025-10-17T17:13:56.809+09:00  INFO 11364 --- [ex-ch03] [restartedMain] o.s.b.d.a.OptionalLiveReloadServer       : LiveReload server is running on port 35729
2025-10-17T17:13:56.833+09:00  INFO 11364 --- [ex-ch03] [restartedMain] o.s.b.w.embedded.tomcat.TomcatWebServer  : Tomcat started on port 8090 (http) with context path '/'
2025-10-17T17:13:56.838+09:00  INFO 11364 --- [ex-ch03] [restartedMain] com.example.demo.Application             : Started Application in 1.086 seconds (process running for 1.455)
2025-10-17T17:16:28.476+09:00  INFO 11364 --- [ex-ch03] [File Watcher] rtingClassPathChangeChangedEventListener : Restarting due to 26 class path changes (0 additions, 26 deletions, 0 modifications)
2025-10-17T17:16:28.478+09:00  INFO 11364 --- [ex-ch03] [Thread-5] o.s.b.w.e.tomcat.GracefulShutdown        : Commencing graceful shutdown. Waiting for active requests to complete
2025-10-17T17:16:28.481+09:00  INFO 11364 --- [ex-ch03] [tomcat-shutdown] o.s.b.w.e.tomcat.GracefulShutdown        : Graceful shutdown complete
=======
2025-10-15T17:30:19.436+09:00  INFO 9016 --- [ex-ch03] [restartedMain] com.example.demo.Application             : Starting Application using Java 21.0.8 with PID 9016 (D:\s09_SpringBoot\ex-ch03\build\classes\java\main started by YONSAI in D:\s09_SpringBoot\ex-ch03)
2025-10-15T17:30:19.436+09:00  INFO 9016 --- [ex-ch03] [restartedMain] com.example.demo.Application             : No active profile set, falling back to 1 default profile: "default"
2025-10-15T17:30:19.460+09:00  INFO 9016 --- [ex-ch03] [restartedMain] .e.DevToolsPropertyDefaultsPostProcessor : Devtools property defaults active! Set 'spring.devtools.add-properties' to 'false' to disable
2025-10-15T17:30:19.460+09:00  INFO 9016 --- [ex-ch03] [restartedMain] .e.DevToolsPropertyDefaultsPostProcessor : For additional web related logging consider setting the 'logging.level.web' property to 'DEBUG'
2025-10-15T17:30:19.960+09:00  INFO 9016 --- [ex-ch03] [restartedMain] o.s.b.w.embedded.tomcat.TomcatWebServer  : Tomcat initialized with port 8090 (http)
2025-10-15T17:30:19.969+09:00  INFO 9016 --- [ex-ch03] [restartedMain] o.apache.catalina.core.StandardService   : Starting service [Tomcat]
2025-10-15T17:30:19.969+09:00  INFO 9016 --- [ex-ch03] [restartedMain] o.apache.catalina.core.StandardEngine    : Starting Servlet engine: [Apache Tomcat/10.1.46]
2025-10-15T17:30:19.991+09:00  INFO 9016 --- [ex-ch03] [restartedMain] o.a.c.c.C.[Tomcat].[localhost].[/]       : Initializing Spring embedded WebApplicationContext
2025-10-15T17:30:19.991+09:00  INFO 9016 --- [ex-ch03] [restartedMain] w.s.c.ServletWebServerApplicationContext : Root WebApplicationContext: initialization completed in 531 ms
2025-10-15T17:30:20.188+09:00  INFO 9016 --- [ex-ch03] [restartedMain] o.s.b.d.a.OptionalLiveReloadServer       : LiveReload server is running on port 35729
2025-10-15T17:30:20.207+09:00  INFO 9016 --- [ex-ch03] [restartedMain] o.s.b.w.embedded.tomcat.TomcatWebServer  : Tomcat started on port 8090 (http) with context path '/'
2025-10-15T17:30:20.212+09:00  INFO 9016 --- [ex-ch03] [restartedMain] com.example.demo.Application             : Started Application in 1.049 seconds (process running for 1.412)
2025-10-16T09:56:28.035+09:00  INFO 31068 --- [ex-ch03] [restartedMain] com.example.demo.Application             : Starting Application using Java 21.0.8 with PID 31068 (C:\Users\user\Documents\GitHub\ex-ch03\build\classes\java\main started by user in C:\Users\user\Documents\GitHub\ex-ch03)
2025-10-16T09:56:28.036+09:00  INFO 31068 --- [ex-ch03] [restartedMain] com.example.demo.Application             : No active profile set, falling back to 1 default profile: "default"
2025-10-16T09:56:28.056+09:00  INFO 31068 --- [ex-ch03] [restartedMain] .e.DevToolsPropertyDefaultsPostProcessor : Devtools property defaults active! Set 'spring.devtools.add-properties' to 'false' to disable
2025-10-16T09:56:28.056+09:00  INFO 31068 --- [ex-ch03] [restartedMain] .e.DevToolsPropertyDefaultsPostProcessor : For additional web related logging consider setting the 'logging.level.web' property to 'DEBUG'
2025-10-16T09:56:28.556+09:00  INFO 31068 --- [ex-ch03] [restartedMain] o.s.b.w.embedded.tomcat.TomcatWebServer  : Tomcat initialized with port 8090 (http)
2025-10-16T09:56:28.564+09:00  INFO 31068 --- [ex-ch03] [restartedMain] o.apache.catalina.core.StandardService   : Starting service [Tomcat]
2025-10-16T09:56:28.566+09:00  INFO 31068 --- [ex-ch03] [restartedMain] o.apache.catalina.core.StandardEngine    : Starting Servlet engine: [Apache Tomcat/10.1.46]
2025-10-16T09:56:28.588+09:00  INFO 31068 --- [ex-ch03] [restartedMain] o.a.c.c.C.[Tomcat].[localhost].[/]       : Initializing Spring embedded WebApplicationContext
2025-10-16T09:56:28.589+09:00  INFO 31068 --- [ex-ch03] [restartedMain] w.s.c.ServletWebServerApplicationContext : Root WebApplicationContext: initialization completed in 533 ms
2025-10-16T09:56:28.777+09:00  INFO 31068 --- [ex-ch03] [restartedMain] o.s.b.d.a.OptionalLiveReloadServer       : LiveReload server is running on port 35729
2025-10-16T09:56:28.799+09:00  INFO 31068 --- [ex-ch03] [restartedMain] o.s.b.w.embedded.tomcat.TomcatWebServer  : Tomcat started on port 8090 (http) with context path '/'
2025-10-16T09:56:28.803+09:00  INFO 31068 --- [ex-ch03] [restartedMain] com.example.demo.Application             : Started Application in 1.017 seconds (process running for 1.353)
2025-10-16T09:56:50.066+09:00  INFO 31068 --- [ex-ch03] [SpringApplicationShutdownHook] o.s.b.w.e.tomcat.GracefulShutdown        : Commencing graceful shutdown. Waiting for active requests to complete
2025-10-16T09:56:50.069+09:00  INFO 31068 --- [ex-ch03] [tomcat-shutdown] o.s.b.w.e.tomcat.GracefulShutdown        : Graceful shutdown complete
2025-10-16T09:56:51.326+09:00  INFO 30784 --- [ex-ch03] [restartedMain] com.example.demo.Application             : Starting Application using Java 21.0.8 with PID 30784 (C:\Users\user\Documents\GitHub\ex-ch03\build\classes\java\main started by user in C:\Users\user\Documents\GitHub\ex-ch03)
2025-10-16T09:56:51.326+09:00  INFO 30784 --- [ex-ch03] [restartedMain] com.example.demo.Application             : No active profile set, falling back to 1 default profile: "default"
2025-10-16T09:56:51.346+09:00  INFO 30784 --- [ex-ch03] [restartedMain] .e.DevToolsPropertyDefaultsPostProcessor : Devtools property defaults active! Set 'spring.devtools.add-properties' to 'false' to disable
2025-10-16T09:56:51.346+09:00  INFO 30784 --- [ex-ch03] [restartedMain] .e.DevToolsPropertyDefaultsPostProcessor : For additional web related logging consider setting the 'logging.level.web' property to 'DEBUG'
2025-10-16T09:56:51.766+09:00  INFO 30784 --- [ex-ch03] [restartedMain] o.s.b.w.embedded.tomcat.TomcatWebServer  : Tomcat initialized with port 8090 (http)
2025-10-16T09:56:51.770+09:00  INFO 30784 --- [ex-ch03] [restartedMain] o.apache.catalina.core.StandardService   : Starting service [Tomcat]
2025-10-16T09:56:51.770+09:00  INFO 30784 --- [ex-ch03] [restartedMain] o.apache.catalina.core.StandardEngine    : Starting Servlet engine: [Apache Tomcat/10.1.46]
2025-10-16T09:56:51.802+09:00  INFO 30784 --- [ex-ch03] [restartedMain] o.a.c.c.C.[Tomcat].[localhost].[/]       : Initializing Spring embedded WebApplicationContext
2025-10-16T09:56:51.802+09:00  INFO 30784 --- [ex-ch03] [restartedMain] w.s.c.ServletWebServerApplicationContext : Root WebApplicationContext: initialization completed in 456 ms
2025-10-16T09:56:51.982+09:00  INFO 30784 --- [ex-ch03] [restartedMain] o.s.b.d.a.OptionalLiveReloadServer       : LiveReload server is running on port 35729
2025-10-16T09:56:52.000+09:00  INFO 30784 --- [ex-ch03] [restartedMain] o.s.b.w.embedded.tomcat.TomcatWebServer  : Tomcat started on port 8090 (http) with context path '/'
2025-10-16T09:56:52.003+09:00  INFO 30784 --- [ex-ch03] [restartedMain] com.example.demo.Application             : Started Application in 0.891 seconds (process running for 1.172)
2025-10-16T09:56:59.171+09:00  INFO 30784 --- [ex-ch03] [SpringApplicationShutdownHook] o.s.b.w.e.tomcat.GracefulShutdown        : Commencing graceful shutdown. Waiting for active requests to complete
2025-10-16T09:56:59.175+09:00  INFO 30784 --- [ex-ch03] [tomcat-shutdown] o.s.b.w.e.tomcat.GracefulShutdown        : Graceful shutdown complete
2025-10-16T09:57:04.732+09:00  INFO 7296 --- [ex-ch03] [restartedMain] com.example.demo.Application             : Starting Application using Java 21.0.8 with PID 7296 (C:\Users\user\Documents\GitHub\ex-ch03\build\classes\java\main started by user in C:\Users\user\Documents\GitHub\ex-ch03)
2025-10-16T09:57:04.732+09:00  INFO 7296 --- [ex-ch03] [restartedMain] com.example.demo.Application             : No active profile set, falling back to 1 default profile: "default"
2025-10-16T09:57:04.756+09:00  INFO 7296 --- [ex-ch03] [restartedMain] .e.DevToolsPropertyDefaultsPostProcessor : Devtools property defaults active! Set 'spring.devtools.add-properties' to 'false' to disable
2025-10-16T09:57:04.756+09:00  INFO 7296 --- [ex-ch03] [restartedMain] .e.DevToolsPropertyDefaultsPostProcessor : For additional web related logging consider setting the 'logging.level.web' property to 'DEBUG'
2025-10-16T09:57:05.186+09:00  INFO 7296 --- [ex-ch03] [restartedMain] o.s.b.w.embedded.tomcat.TomcatWebServer  : Tomcat initialized with port 8090 (http)
2025-10-16T09:57:05.191+09:00  INFO 7296 --- [ex-ch03] [restartedMain] o.apache.catalina.core.StandardService   : Starting service [Tomcat]
2025-10-16T09:57:05.191+09:00  INFO 7296 --- [ex-ch03] [restartedMain] o.apache.catalina.core.StandardEngine    : Starting Servlet engine: [Apache Tomcat/10.1.46]
2025-10-16T09:57:05.226+09:00  INFO 7296 --- [ex-ch03] [restartedMain] o.a.c.c.C.[Tomcat].[localhost].[/]       : Initializing Spring embedded WebApplicationContext
2025-10-16T09:57:05.226+09:00  INFO 7296 --- [ex-ch03] [restartedMain] w.s.c.ServletWebServerApplicationContext : Root WebApplicationContext: initialization completed in 470 ms
2025-10-16T09:57:05.402+09:00  INFO 7296 --- [ex-ch03] [restartedMain] o.s.b.d.a.OptionalLiveReloadServer       : LiveReload server is running on port 35729
2025-10-16T09:57:05.418+09:00  INFO 7296 --- [ex-ch03] [restartedMain] o.s.b.w.embedded.tomcat.TomcatWebServer  : Tomcat started on port 8090 (http) with context path '/'
2025-10-16T09:57:05.422+09:00  INFO 7296 --- [ex-ch03] [restartedMain] com.example.demo.Application             : Started Application in 0.903 seconds (process running for 1.183)
2025-10-16T10:01:07.697+09:00  INFO 7296 --- [ex-ch03] [SpringApplicationShutdownHook] o.s.b.w.e.tomcat.GracefulShutdown        : Commencing graceful shutdown. Waiting for active requests to complete
2025-10-16T10:01:07.697+09:00  INFO 7296 --- [ex-ch03] [tomcat-shutdown] o.s.b.w.e.tomcat.GracefulShutdown        : Graceful shutdown complete
2025-10-16T10:47:01.013+09:00  INFO 4532 --- [ex-ch03] [restartedMain] com.example.demo.Application             : Starting Application using Java 21.0.8 with PID 4532 (C:\Users\user\Documents\GitHub\ex-ch03\build\classes\java\main started by user in C:\Users\user\Documents\GitHub\ex-ch03)
2025-10-16T10:47:01.013+09:00  INFO 4532 --- [ex-ch03] [restartedMain] com.example.demo.Application             : No active profile set, falling back to 1 default profile: "default"
2025-10-16T10:47:01.036+09:00  INFO 4532 --- [ex-ch03] [restartedMain] .e.DevToolsPropertyDefaultsPostProcessor : Devtools property defaults active! Set 'spring.devtools.add-properties' to 'false' to disable
2025-10-16T10:47:01.036+09:00  INFO 4532 --- [ex-ch03] [restartedMain] .e.DevToolsPropertyDefaultsPostProcessor : For additional web related logging consider setting the 'logging.level.web' property to 'DEBUG'
2025-10-16T10:47:01.457+09:00  INFO 4532 --- [ex-ch03] [restartedMain] o.s.b.w.embedded.tomcat.TomcatWebServer  : Tomcat initialized with port 8090 (http)
2025-10-16T10:47:01.464+09:00  INFO 4532 --- [ex-ch03] [restartedMain] o.apache.catalina.core.StandardService   : Starting service [Tomcat]
2025-10-16T10:47:01.464+09:00  INFO 4532 --- [ex-ch03] [restartedMain] o.apache.catalina.core.StandardEngine    : Starting Servlet engine: [Apache Tomcat/10.1.46]
2025-10-16T10:47:01.487+09:00  INFO 4532 --- [ex-ch03] [restartedMain] o.a.c.c.C.[Tomcat].[localhost].[/]       : Initializing Spring embedded WebApplicationContext
2025-10-16T10:47:01.487+09:00  INFO 4532 --- [ex-ch03] [restartedMain] w.s.c.ServletWebServerApplicationContext : Root WebApplicationContext: initialization completed in 450 ms
2025-10-16T10:47:01.665+09:00  INFO 4532 --- [ex-ch03] [restartedMain] o.s.b.d.a.OptionalLiveReloadServer       : LiveReload server is running on port 35729
2025-10-16T10:47:01.683+09:00  INFO 4532 --- [ex-ch03] [restartedMain] o.s.b.w.embedded.tomcat.TomcatWebServer  : Tomcat started on port 8090 (http) with context path '/'
2025-10-16T10:47:01.687+09:00  INFO 4532 --- [ex-ch03] [restartedMain] com.example.demo.Application             : Started Application in 0.89 seconds (process running for 1.189)
2025-10-16T10:47:09.192+09:00  INFO 4532 --- [ex-ch03] [http-nio-8090-exec-1] o.a.c.c.C.[Tomcat].[localhost].[/]       : Initializing Spring DispatcherServlet 'dispatcherServlet'
2025-10-16T10:47:09.192+09:00  INFO 4532 --- [ex-ch03] [http-nio-8090-exec-1] o.s.web.servlet.DispatcherServlet        : Initializing Servlet 'dispatcherServlet'
2025-10-16T10:47:09.193+09:00  INFO 4532 --- [ex-ch03] [http-nio-8090-exec-1] o.s.web.servlet.DispatcherServlet        : Completed initialization in 1 ms
2025-10-16T10:47:09.221+09:00  INFO 4532 --- [ex-ch03] [http-nio-8090-exec-1] c.example.demo.service.Ch03.Myservice    : chapter03 실무에서쓰이는 자바문법  -> 완료
2025-10-16T10:48:02.718+09:00  WARN 4532 --- [ex-ch03] [http-nio-8090-exec-5] .w.s.m.s.DefaultHandlerExceptionResolver : Resolved [org.springframework.web.bind.MissingServletRequestParameterException: Required request parameter 'num1' for method parameter type double is not present]
2025-10-16T12:12:32.692+09:00  INFO 4532 --- [ex-ch03] [File Watcher] rtingClassPathChangeChangedEventListener : Restarting due to 20 class path changes (0 additions, 20 deletions, 0 modifications)
2025-10-16T12:12:32.702+09:00  INFO 4532 --- [ex-ch03] [Thread-5] o.s.b.w.e.tomcat.GracefulShutdown        : Commencing graceful shutdown. Waiting for active requests to complete
2025-10-16T12:12:32.707+09:00  INFO 4532 --- [ex-ch03] [tomcat-shutdown] o.s.b.w.e.tomcat.GracefulShutdown        : Graceful shutdown complete
2025-10-16T12:12:37.449+09:00  INFO 4532 --- [ex-ch03] [restartedMain] com.example.demo.Application             : Starting Application using Java 21.0.8 with PID 4532 (C:\Users\user\Documents\GitHub\ex-ch03\build\classes\java\main started by user in C:\Users\user\Documents\GitHub\ex-ch03)
2025-10-16T12:12:37.450+09:00  INFO 4532 --- [ex-ch03] [restartedMain] com.example.demo.Application             : No active profile set, falling back to 1 default profile: "default"
2025-10-16T12:12:37.541+09:00  INFO 4532 --- [ex-ch03] [restartedMain] o.s.b.w.embedded.tomcat.TomcatWebServer  : Tomcat initialized with port 8090 (http)
2025-10-16T12:12:37.542+09:00  INFO 4532 --- [ex-ch03] [restartedMain] o.apache.catalina.core.StandardService   : Starting service [Tomcat]
2025-10-16T12:12:37.542+09:00  INFO 4532 --- [ex-ch03] [restartedMain] o.apache.catalina.core.StandardEngine    : Starting Servlet engine: [Apache Tomcat/10.1.46]
2025-10-16T12:12:37.551+09:00  INFO 4532 --- [ex-ch03] [restartedMain] o.a.c.c.C.[Tomcat-1].[localhost].[/]     : Initializing Spring embedded WebApplicationContext
2025-10-16T12:12:37.551+09:00  INFO 4532 --- [ex-ch03] [restartedMain] w.s.c.ServletWebServerApplicationContext : Root WebApplicationContext: initialization completed in 100 ms
2025-10-16T12:12:37.586+09:00  INFO 4532 --- [ex-ch03] [restartedMain] o.s.b.d.a.OptionalLiveReloadServer       : LiveReload server is running on port 35729
2025-10-16T12:12:37.590+09:00  INFO 4532 --- [ex-ch03] [restartedMain] o.s.b.w.embedded.tomcat.TomcatWebServer  : Tomcat started on port 8090 (http) with context path '/'
2025-10-16T12:12:37.591+09:00  INFO 4532 --- [ex-ch03] [restartedMain] com.example.demo.Application             : Started Application in 0.165 seconds (process running for 5137.092)
2025-10-16T12:12:37.592+09:00  INFO 4532 --- [ex-ch03] [restartedMain] .ConditionEvaluationDeltaLoggingListener : Condition evaluation unchanged
2025-10-16T12:27:21.802+09:00  INFO 4532 --- [ex-ch03] [File Watcher] rtingClassPathChangeChangedEventListener : Restarting due to 4 class path changes (0 additions, 0 deletions, 4 modifications)
2025-10-16T12:27:21.802+09:00  INFO 4532 --- [ex-ch03] [Thread-7] o.s.b.w.e.tomcat.GracefulShutdown        : Commencing graceful shutdown. Waiting for active requests to complete
2025-10-16T12:27:21.802+09:00  INFO 4532 --- [ex-ch03] [tomcat-shutdown] o.s.b.w.e.tomcat.GracefulShutdown        : Graceful shutdown complete
2025-10-16T12:27:21.863+09:00  INFO 4532 --- [ex-ch03] [restartedMain] com.example.demo.Application             : Starting Application using Java 21.0.8 with PID 4532 (C:\Users\user\Documents\GitHub\ex-ch03\build\classes\java\main started by user in C:\Users\user\Documents\GitHub\ex-ch03)
2025-10-16T12:27:21.864+09:00  INFO 4532 --- [ex-ch03] [restartedMain] com.example.demo.Application             : No active profile set, falling back to 1 default profile: "default"
2025-10-16T12:27:21.972+09:00  INFO 4532 --- [ex-ch03] [restartedMain] o.s.b.w.embedded.tomcat.TomcatWebServer  : Tomcat initialized with port 8090 (http)
2025-10-16T12:27:21.972+09:00  INFO 4532 --- [ex-ch03] [restartedMain] o.apache.catalina.core.StandardService   : Starting service [Tomcat]
2025-10-16T12:27:21.972+09:00  INFO 4532 --- [ex-ch03] [restartedMain] o.apache.catalina.core.StandardEngine    : Starting Servlet engine: [Apache Tomcat/10.1.46]
2025-10-16T12:27:21.985+09:00  INFO 4532 --- [ex-ch03] [restartedMain] o.a.c.c.C.[Tomcat-1].[localhost].[/]     : Initializing Spring embedded WebApplicationContext
2025-10-16T12:27:21.985+09:00  INFO 4532 --- [ex-ch03] [restartedMain] w.s.c.ServletWebServerApplicationContext : Root WebApplicationContext: initialization completed in 119 ms
2025-10-16T12:27:22.032+09:00  INFO 4532 --- [ex-ch03] [restartedMain] o.s.b.d.a.OptionalLiveReloadServer       : LiveReload server is running on port 35729
2025-10-16T12:27:22.036+09:00  INFO 4532 --- [ex-ch03] [restartedMain] o.s.b.w.embedded.tomcat.TomcatWebServer  : Tomcat started on port 8090 (http) with context path '/'
2025-10-16T12:27:22.036+09:00  INFO 4532 --- [ex-ch03] [restartedMain] com.example.demo.Application             : Started Application in 0.194 seconds (process running for 6021.541)
2025-10-16T12:27:22.036+09:00  INFO 4532 --- [ex-ch03] [restartedMain] .ConditionEvaluationDeltaLoggingListener : Condition evaluation unchanged
2025-10-16T12:27:37.722+09:00  INFO 4532 --- [ex-ch03] [File Watcher] rtingClassPathChangeChangedEventListener : Restarting due to 20 class path changes (0 additions, 20 deletions, 0 modifications)
2025-10-16T12:27:37.722+09:00  INFO 4532 --- [ex-ch03] [Thread-15] o.s.b.w.e.tomcat.GracefulShutdown        : Commencing graceful shutdown. Waiting for active requests to complete
2025-10-16T12:27:37.722+09:00  INFO 4532 --- [ex-ch03] [tomcat-shutdown] o.s.b.w.e.tomcat.GracefulShutdown        : Graceful shutdown complete
2025-10-16T12:27:44.052+09:00  INFO 21808 --- [ex-ch03] [restartedMain] com.example.demo.Application             : Starting Application using Java 21.0.8 with PID 21808 (C:\Users\user\Documents\GitHub\ex-ch03\build\classes\java\main started by user in C:\Users\user\Documents\GitHub\ex-ch03)
2025-10-16T12:27:44.052+09:00  INFO 21808 --- [ex-ch03] [restartedMain] com.example.demo.Application             : No active profile set, falling back to 1 default profile: "default"
2025-10-16T12:27:44.083+09:00  INFO 21808 --- [ex-ch03] [restartedMain] .e.DevToolsPropertyDefaultsPostProcessor : Devtools property defaults active! Set 'spring.devtools.add-properties' to 'false' to disable
2025-10-16T12:27:44.083+09:00  INFO 21808 --- [ex-ch03] [restartedMain] .e.DevToolsPropertyDefaultsPostProcessor : For additional web related logging consider setting the 'logging.level.web' property to 'DEBUG'
2025-10-16T12:27:44.537+09:00  INFO 21808 --- [ex-ch03] [restartedMain] o.s.b.w.embedded.tomcat.TomcatWebServer  : Tomcat initialized with port 8090 (http)
2025-10-16T12:27:44.542+09:00  INFO 21808 --- [ex-ch03] [restartedMain] o.apache.catalina.core.StandardService   : Starting service [Tomcat]
2025-10-16T12:27:44.542+09:00  INFO 21808 --- [ex-ch03] [restartedMain] o.apache.catalina.core.StandardEngine    : Starting Servlet engine: [Apache Tomcat/10.1.46]
2025-10-16T12:27:44.571+09:00  INFO 21808 --- [ex-ch03] [restartedMain] o.a.c.c.C.[Tomcat].[localhost].[/]       : Initializing Spring embedded WebApplicationContext
2025-10-16T12:27:44.571+09:00  INFO 21808 --- [ex-ch03] [restartedMain] w.s.c.ServletWebServerApplicationContext : Root WebApplicationContext: initialization completed in 488 ms
2025-10-16T12:27:44.762+09:00  INFO 21808 --- [ex-ch03] [restartedMain] o.s.b.d.a.OptionalLiveReloadServer       : LiveReload server is running on port 35729
2025-10-16T12:27:44.793+09:00  INFO 21808 --- [ex-ch03] [restartedMain] o.s.b.w.embedded.tomcat.TomcatWebServer  : Tomcat started on port 8090 (http) with context path '/'
2025-10-16T12:27:44.796+09:00  INFO 21808 --- [ex-ch03] [restartedMain] com.example.demo.Application             : Started Application in 1.034 seconds (process running for 1.354)
2025-10-16T12:32:31.867+09:00  INFO 21808 --- [ex-ch03] [SpringApplicationShutdownHook] o.s.b.w.e.tomcat.GracefulShutdown        : Commencing graceful shutdown. Waiting for active requests to complete
2025-10-16T12:32:31.873+09:00  INFO 21808 --- [ex-ch03] [tomcat-shutdown] o.s.b.w.e.tomcat.GracefulShutdown        : Graceful shutdown complete
2025-10-16T12:32:33.072+09:00  INFO 15100 --- [ex-ch03] [restartedMain] com.example.demo.Application             : Starting Application using Java 21.0.8 with PID 15100 (C:\Users\user\Documents\GitHub\ex-ch03\build\classes\java\main started by user in C:\Users\user\Documents\GitHub\ex-ch03)
2025-10-16T12:32:33.072+09:00  INFO 15100 --- [ex-ch03] [restartedMain] com.example.demo.Application             : No active profile set, falling back to 1 default profile: "default"
2025-10-16T12:32:33.092+09:00  INFO 15100 --- [ex-ch03] [restartedMain] .e.DevToolsPropertyDefaultsPostProcessor : Devtools property defaults active! Set 'spring.devtools.add-properties' to 'false' to disable
2025-10-16T12:32:33.092+09:00  INFO 15100 --- [ex-ch03] [restartedMain] .e.DevToolsPropertyDefaultsPostProcessor : For additional web related logging consider setting the 'logging.level.web' property to 'DEBUG'
2025-10-16T12:32:33.505+09:00  INFO 15100 --- [ex-ch03] [restartedMain] o.s.b.w.embedded.tomcat.TomcatWebServer  : Tomcat initialized with port 8090 (http)
2025-10-16T12:32:33.512+09:00  INFO 15100 --- [ex-ch03] [restartedMain] o.apache.catalina.core.StandardService   : Starting service [Tomcat]
2025-10-16T12:32:33.512+09:00  INFO 15100 --- [ex-ch03] [restartedMain] o.apache.catalina.core.StandardEngine    : Starting Servlet engine: [Apache Tomcat/10.1.46]
2025-10-16T12:32:33.536+09:00  INFO 15100 --- [ex-ch03] [restartedMain] o.a.c.c.C.[Tomcat].[localhost].[/]       : Initializing Spring embedded WebApplicationContext
2025-10-16T12:32:33.536+09:00  INFO 15100 --- [ex-ch03] [restartedMain] w.s.c.ServletWebServerApplicationContext : Root WebApplicationContext: initialization completed in 444 ms
2025-10-16T12:32:33.715+09:00  INFO 15100 --- [ex-ch03] [restartedMain] o.s.b.d.a.OptionalLiveReloadServer       : LiveReload server is running on port 35729
2025-10-16T12:32:33.736+09:00  INFO 15100 --- [ex-ch03] [restartedMain] o.s.b.w.embedded.tomcat.TomcatWebServer  : Tomcat started on port 8090 (http) with context path '/'
2025-10-16T12:32:33.739+09:00  INFO 15100 --- [ex-ch03] [restartedMain] com.example.demo.Application             : Started Application in 0.897 seconds (process running for 1.176)
2025-10-16T12:36:46.565+09:00  INFO 15100 --- [ex-ch03] [SpringApplicationShutdownHook] o.s.b.w.e.tomcat.GracefulShutdown        : Commencing graceful shutdown. Waiting for active requests to complete
2025-10-16T12:36:46.567+09:00  INFO 15100 --- [ex-ch03] [tomcat-shutdown] o.s.b.w.e.tomcat.GracefulShutdown        : Graceful shutdown complete
>>>>>>> e4d544a9c5e08c8b52383af1c6f743996ba668d6
